1563612208596	mozrunner::runner	INFO	Running command: "/usr/bin/firefox" "-marionette" "-foreground" "-no-remote" "-profile" "/tmp/rust_mozprofile.OXJEJmqmYC7t"
1563612209174	addons.webextension.screenshots@mozilla.org	WARN	Loading extension 'screenshots@mozilla.org': Reading manifest: Invalid extension permission: mozillaAddons
1563612209174	addons.webextension.screenshots@mozilla.org	WARN	Loading extension 'screenshots@mozilla.org': Reading manifest: Invalid extension permission: telemetry
1563612209174	addons.webextension.screenshots@mozilla.org	WARN	Loading extension 'screenshots@mozilla.org': Reading manifest: Invalid extension permission: resource://pdf.js/
1563612209174	addons.webextension.screenshots@mozilla.org	WARN	Loading extension 'screenshots@mozilla.org': Reading manifest: Invalid extension permission: about:reader*
1563612211620	Marionette	INFO	Listening on port 40185
1563612211707	Marionette	WARN	TLS certificate errors will be ignored for this session
JavaScript warning: resource:///modules/UrlbarView.jsm, line 123: Array.reduce is deprecated; use Array.prototype.reduce instead
1563612248649	Marionette	INFO	Stopped listening on port 40185
1563612253405	mozrunner::runner	INFO	Running command: "/usr/bin/firefox" "-marionette" "-foreground" "-no-remote" "-profile" "/tmp/rust_mozprofile.krvMQfAlmh5M"
1563612253900	addons.webextension.screenshots@mozilla.org	WARN	Loading extension 'screenshots@mozilla.org': Reading manifest: Invalid extension permission: mozillaAddons
1563612253900	addons.webextension.screenshots@mozilla.org	WARN	Loading extension 'screenshots@mozilla.org': Reading manifest: Invalid extension permission: telemetry
1563612253900	addons.webextension.screenshots@mozilla.org	WARN	Loading extension 'screenshots@mozilla.org': Reading manifest: Invalid extension permission: resource://pdf.js/
1563612253900	addons.webextension.screenshots@mozilla.org	WARN	Loading extension 'screenshots@mozilla.org': Reading manifest: Invalid extension permission: about:reader*
1563612256147	Marionette	INFO	Listening on port 39977
1563612256228	Marionette	WARN	TLS certificate errors will be ignored for this session
console.error: "Error while calling actor 'pagestyle's method 'getLayout'" "node is null"
console.error: "getLayout@resource://devtools/server/actors/styles.js:832:5\nhandler@resource://devtools/shared/protocol.js:1189:37\nonPacket@resource://devtools/server/main.js:1291:58\nreceiveMessage@resource://devtools/shared/transport/child-transport.js:66:16\n"
console.error: "Protocol error (unknownError): node is null"
console.error: BroadcastService: 
  receivedBroadcastMessage: handler for
  remote-settings/monitor_changes
  threw error:
  Message: Error: Polling for changes failed: http://%(server)s/dummy/blocklist//buckets/monitor/collections/changes/records?_expected=%221563580805691%22 is not a valid URL..
  Stack:
    remoteSettingsFunction/remoteSettings.pollChanges@resource://services-settings/remote-settings.js:201:13

console.warn: "Error while detaching the thread front: 'detach' request packet to 'server1.conn0.child1/context18' can't be sent as the connection is closed."
1563649039379	Marionette	INFO	Stopped listening on port 39977
1563701619088	mozrunner::runner	INFO	Running command: "/usr/bin/firefox" "-marionette" "-foreground" "-no-remote" "-profile" "/tmp/rust_mozprofile.vSl65Lab2ITz"
1563701619901	addons.webextension.screenshots@mozilla.org	WARN	Loading extension 'screenshots@mozilla.org': Reading manifest: Invalid extension permission: mozillaAddons
1563701619901	addons.webextension.screenshots@mozilla.org	WARN	Loading extension 'screenshots@mozilla.org': Reading manifest: Invalid extension permission: telemetry
1563701619901	addons.webextension.screenshots@mozilla.org	WARN	Loading extension 'screenshots@mozilla.org': Reading manifest: Invalid extension permission: resource://pdf.js/
1563701619902	addons.webextension.screenshots@mozilla.org	WARN	Loading extension 'screenshots@mozilla.org': Reading manifest: Invalid extension permission: about:reader*
1563701622385	Marionette	INFO	Listening on port 35763
1563701622416	Marionette	WARN	TLS certificate errors will be ignored for this session
console.error: BroadcastService: 
  receivedBroadcastMessage: handler for
  remote-settings/monitor_changes
  threw error:
  Message: Error: Polling for changes failed: http://%(server)s/dummy/blocklist//buckets/monitor/collections/changes/records?_expected=%221563667206065%22 is not a valid URL..
  Stack:
    remoteSettingsFunction/remoteSettings.pollChanges@resource://services-settings/remote-settings.js:201:13

Handler function threw an exception: [Exception... "Component returned failure code: 0x80040111 (NS_ERROR_NOT_AVAILABLE) [nsICacheInfoChannel.isRacing]"  nsresult: "0x80040111 (NS_ERROR_NOT_AVAILABLE)"  location: "JS frame :: resource://devtools/server/actors/network-monitor/network-response-listener.js :: NetworkResponseListener.prototype._getSecurityInfo< :: line 301"  data: no]
Stack: NetworkResponseListener.prototype._getSecurityInfo<@resource://devtools/server/actors/network-monitor/network-response-listener.js:301:26
exports.makeInfallible/<@resource://devtools/shared/ThreadSafeDevToolsUtils.js:109:22
onStartRequest@resource://devtools/server/actors/network-monitor/network-response-listener.js:209:10
Line: 301, column: 0
console.error: "Handler function threw an exception: [Exception... \"Component returned failure code: 0x80040111 (NS_ERROR_NOT_AVAILABLE) [nsICacheInfoChannel.isRacing]\"  nsresult: \"0x80040111 (NS_ERROR_NOT_AVAILABLE)\"  location: \"JS frame :: resource://devtools/server/actors/network-monitor/network-response-listener.js :: NetworkResponseListener.prototype._getSecurityInfo< :: line 301\"  data: no]\nStack: NetworkResponseListener.prototype._getSecurityInfo<@resource://devtools/server/actors/network-monitor/network-response-listener.js:301:26\nexports.makeInfallible/<@resource://devtools/shared/ThreadSafeDevToolsUtils.js:109:22\nonStartRequest@resource://devtools/server/actors/network-monitor/network-response-listener.js:209:10\nLine: 301, column: 0"
Handler function threw an exception: [Exception... "Component returned failure code: 0x80040111 (NS_ERROR_NOT_AVAILABLE) [nsICacheInfoChannel.isRacing]"  nsresult: "0x80040111 (NS_ERROR_NOT_AVAILABLE)"  location: "JS frame :: resource://devtools/server/actors/network-monitor/network-response-listener.js :: NetworkResponseListener.prototype._getSecurityInfo< :: line 301"  data: no]
Stack: NetworkResponseListener.prototype._getSecurityInfo<@resource://devtools/server/actors/network-monitor/network-response-listener.js:301:26
exports.makeInfallible/<@resource://devtools/shared/ThreadSafeDevToolsUtils.js:109:22
onStartRequest@resource://devtools/server/actors/network-monitor/network-response-listener.js:209:10
Line: 301, column: 0
console.error: "Handler function threw an exception: [Exception... \"Component returned failure code: 0x80040111 (NS_ERROR_NOT_AVAILABLE) [nsICacheInfoChannel.isRacing]\"  nsresult: \"0x80040111 (NS_ERROR_NOT_AVAILABLE)\"  location: \"JS frame :: resource://devtools/server/actors/network-monitor/network-response-listener.js :: NetworkResponseListener.prototype._getSecurityInfo< :: line 301\"  data: no]\nStack: NetworkResponseListener.prototype._getSecurityInfo<@resource://devtools/server/actors/network-monitor/network-response-listener.js:301:26\nexports.makeInfallible/<@resource://devtools/shared/ThreadSafeDevToolsUtils.js:109:22\nonStartRequest@resource://devtools/server/actors/network-monitor/network-response-listener.js:209:10\nLine: 301, column: 0"
Handler function threw an exception: [Exception... "Component returned failure code: 0x80040111 (NS_ERROR_NOT_AVAILABLE) [nsICacheInfoChannel.isRacing]"  nsresult: "0x80040111 (NS_ERROR_NOT_AVAILABLE)"  location: "JS frame :: resource://devtools/server/actors/network-monitor/network-response-listener.js :: NetworkResponseListener.prototype._getSecurityInfo< :: line 301"  data: no]
Stack: NetworkResponseListener.prototype._getSecurityInfo<@resource://devtools/server/actors/network-monitor/network-response-listener.js:301:26
exports.makeInfallible/<@resource://devtools/shared/ThreadSafeDevToolsUtils.js:109:22
onStartRequest@resource://devtools/server/actors/network-monitor/network-response-listener.js:209:10
Line: 301, column: 0
console.error: "Handler function threw an exception: [Exception... \"Component returned failure code: 0x80040111 (NS_ERROR_NOT_AVAILABLE) [nsICacheInfoChannel.isRacing]\"  nsresult: \"0x80040111 (NS_ERROR_NOT_AVAILABLE)\"  location: \"JS frame :: resource://devtools/server/actors/network-monitor/network-response-listener.js :: NetworkResponseListener.prototype._getSecurityInfo< :: line 301\"  data: no]\nStack: NetworkResponseListener.prototype._getSecurityInfo<@resource://devtools/server/actors/network-monitor/network-response-listener.js:301:26\nexports.makeInfallible/<@resource://devtools/shared/ThreadSafeDevToolsUtils.js:109:22\nonStartRequest@resource://devtools/server/actors/network-monitor/network-response-listener.js:209:10\nLine: 301, column: 0"
Handler function threw an exception: [Exception... "Component returned failure code: 0x80040111 (NS_ERROR_NOT_AVAILABLE) [nsICacheInfoChannel.isRacing]"  nsresult: "0x80040111 (NS_ERROR_NOT_AVAILABLE)"  location: "JS frame :: resource://devtools/server/actors/network-monitor/network-response-listener.js :: NetworkResponseListener.prototype._getSecurityInfo< :: line 301"  data: no]
Stack: NetworkResponseListener.prototype._getSecurityInfo<@resource://devtools/server/actors/network-monitor/network-response-listener.js:301:26
exports.makeInfallible/<@resource://devtools/shared/ThreadSafeDevToolsUtils.js:109:22
onStartRequest@resource://devtools/server/actors/network-monitor/network-response-listener.js:209:10
Line: 301, column: 0
console.error: "Handler function threw an exception: [Exception... \"Component returned failure code: 0x80040111 (NS_ERROR_NOT_AVAILABLE) [nsICacheInfoChannel.isRacing]\"  nsresult: \"0x80040111 (NS_ERROR_NOT_AVAILABLE)\"  location: \"JS frame :: resource://devtools/server/actors/network-monitor/network-response-listener.js :: NetworkResponseListener.prototype._getSecurityInfo< :: line 301\"  data: no]\nStack: NetworkResponseListener.prototype._getSecurityInfo<@resource://devtools/server/actors/network-monitor/network-response-listener.js:301:26\nexports.makeInfallible/<@resource://devtools/shared/ThreadSafeDevToolsUtils.js:109:22\nonStartRequest@resource://devtools/server/actors/network-monitor/network-response-listener.js:209:10\nLine: 301, column: 0"
Handler function threw an exception: [Exception... "Component returned failure code: 0x80040111 (NS_ERROR_NOT_AVAILABLE) [nsICacheInfoChannel.isRacing]"  nsresult: "0x80040111 (NS_ERROR_NOT_AVAILABLE)"  location: "JS frame :: resource://devtools/server/actors/network-monitor/network-response-listener.js :: NetworkResponseListener.prototype._getSecurityInfo< :: line 301"  data: no]
Stack: NetworkResponseListener.prototype._getSecurityInfo<@resource://devtools/server/actors/network-monitor/network-response-listener.js:301:26
exports.makeInfallible/<@resource://devtools/shared/ThreadSafeDevToolsUtils.js:109:22
onStartRequest@resource://devtools/server/actors/network-monitor/network-response-listener.js:209:10
Line: 301, column: 0
console.error: "Handler function threw an exception: [Exception... \"Component returned failure code: 0x80040111 (NS_ERROR_NOT_AVAILABLE) [nsICacheInfoChannel.isRacing]\"  nsresult: \"0x80040111 (NS_ERROR_NOT_AVAILABLE)\"  location: \"JS frame :: resource://devtools/server/actors/network-monitor/network-response-listener.js :: NetworkResponseListener.prototype._getSecurityInfo< :: line 301\"  data: no]\nStack: NetworkResponseListener.prototype._getSecurityInfo<@resource://devtools/server/actors/network-monitor/network-response-listener.js:301:26\nexports.makeInfallible/<@resource://devtools/shared/ThreadSafeDevToolsUtils.js:109:22\nonStartRequest@resource://devtools/server/actors/network-monitor/network-response-listener.js:209:10\nLine: 301, column: 0"
Handler function threw an exception: [Exception... "Component returned failure code: 0x80040111 (NS_ERROR_NOT_AVAILABLE) [nsICacheInfoChannel.isRacing]"  nsresult: "0x80040111 (NS_ERROR_NOT_AVAILABLE)"  location: "JS frame :: resource://devtools/server/actors/network-monitor/network-response-listener.js :: NetworkResponseListener.prototype._getSecurityInfo< :: line 301"  data: no]
Stack: NetworkResponseListener.prototype._getSecurityInfo<@resource://devtools/server/actors/network-monitor/network-response-listener.js:301:26
exports.makeInfallible/<@resource://devtools/shared/ThreadSafeDevToolsUtils.js:109:22
onStartRequest@resource://devtools/server/actors/network-monitor/network-response-listener.js:209:10
Line: 301, column: 0
console.error: "Handler function threw an exception: [Exception... \"Component returned failure code: 0x80040111 (NS_ERROR_NOT_AVAILABLE) [nsICacheInfoChannel.isRacing]\"  nsresult: \"0x80040111 (NS_ERROR_NOT_AVAILABLE)\"  location: \"JS frame :: resource://devtools/server/actors/network-monitor/network-response-listener.js :: NetworkResponseListener.prototype._getSecurityInfo< :: line 301\"  data: no]\nStack: NetworkResponseListener.prototype._getSecurityInfo<@resource://devtools/server/actors/network-monitor/network-response-listener.js:301:26\nexports.makeInfallible/<@resource://devtools/shared/ThreadSafeDevToolsUtils.js:109:22\nonStartRequest@resource://devtools/server/actors/network-monitor/network-response-listener.js:209:10\nLine: 301, column: 0"
console.warn: "Error while detaching the thread front: 'detach' request packet to 'server1.conn0.child1/context18' can't be sent as the connection is closed."
[Parent 15663, Gecko_IOThread] WARNING: pipe error (80): Connection reset by peer: file /build/firefox-izpums/firefox-68.0+build3/ipc/chromium/src/chrome/common/ipc_channel_posix.cc, line 358
[Parent 15663, Gecko_IOThread] WARNING: pipe error (89): Connection reset by peer: file /build/firefox-izpums/firefox-68.0+build3/ipc/chromium/src/chrome/common/ipc_channel_posix.cc, line 358
1563704293337	Marionette	INFO	Stopped listening on port 35763
1563704310137	mozrunner::runner	INFO	Running command: "/usr/bin/firefox" "-marionette" "-foreground" "-no-remote" "-profile" "/tmp/rust_mozprofile.0DKnvQmT99bS"
1563704311461	addons.webextension.screenshots@mozilla.org	WARN	Loading extension 'screenshots@mozilla.org': Reading manifest: Invalid extension permission: mozillaAddons
1563704311461	addons.webextension.screenshots@mozilla.org	WARN	Loading extension 'screenshots@mozilla.org': Reading manifest: Invalid extension permission: telemetry
1563704311461	addons.webextension.screenshots@mozilla.org	WARN	Loading extension 'screenshots@mozilla.org': Reading manifest: Invalid extension permission: resource://pdf.js/
1563704311461	addons.webextension.screenshots@mozilla.org	WARN	Loading extension 'screenshots@mozilla.org': Reading manifest: Invalid extension permission: about:reader*
1563704314486	Marionette	INFO	Listening on port 35797
1563704314563	Marionette	WARN	TLS certificate errors will be ignored for this session
console.error: BroadcastService: 
  receivedBroadcastMessage: handler for
  remote-settings/monitor_changes
  threw error:
  Message: Error: Polling for changes failed: http://%(server)s/dummy/blocklist//buckets/monitor/collections/changes/records?_expected=%221563667206065%22 is not a valid URL..
  Stack:
    remoteSettingsFunction/remoteSettings.pollChanges@resource://services-settings/remote-settings.js:201:13

1563722376267	mozrunner::runner	INFO	Running command: "/usr/bin/firefox" "-marionette" "-foreground" "-no-remote" "-profile" "/tmp/rust_mozprofile.Jhi3GgOEyQre"
1563722377103	addons.webextension.screenshots@mozilla.org	WARN	Loading extension 'screenshots@mozilla.org': Reading manifest: Invalid extension permission: mozillaAddons
1563722377103	addons.webextension.screenshots@mozilla.org	WARN	Loading extension 'screenshots@mozilla.org': Reading manifest: Invalid extension permission: telemetry
1563722377104	addons.webextension.screenshots@mozilla.org	WARN	Loading extension 'screenshots@mozilla.org': Reading manifest: Invalid extension permission: resource://pdf.js/
1563722377104	addons.webextension.screenshots@mozilla.org	WARN	Loading extension 'screenshots@mozilla.org': Reading manifest: Invalid extension permission: about:reader*
1563722379841	Marionette	INFO	Listening on port 33347
1563722379894	Marionette	WARN	TLS certificate errors will be ignored for this session
1563722451479	mozrunner::runner	INFO	Running command: "/usr/bin/firefox" "-marionette" "-foreground" "-no-remote" "-profile" "/tmp/rust_mozprofile.i1yksepuaPye"
1563722451952	addons.webextension.screenshots@mozilla.org	WARN	Loading extension 'screenshots@mozilla.org': Reading manifest: Invalid extension permission: mozillaAddons
1563722451952	addons.webextension.screenshots@mozilla.org	WARN	Loading extension 'screenshots@mozilla.org': Reading manifest: Invalid extension permission: telemetry
1563722451952	addons.webextension.screenshots@mozilla.org	WARN	Loading extension 'screenshots@mozilla.org': Reading manifest: Invalid extension permission: resource://pdf.js/
1563722451952	addons.webextension.screenshots@mozilla.org	WARN	Loading extension 'screenshots@mozilla.org': Reading manifest: Invalid extension permission: about:reader*
1563722453882	Marionette	INFO	Listening on port 39991
1563722453892	Marionette	WARN	TLS certificate errors will be ignored for this session
[Parent 5836, Gecko_IOThread] WARNING: pipe error (79): Connection reset by peer: file /build/firefox-izpums/firefox-68.0+build3/ipc/chromium/src/chrome/common/ipc_channel_posix.cc, line 358
1563722614945	Marionette	INFO	Stopped listening on port 39991
[Parent 5611, Gecko_IOThread] WARNING: pipe error (72): Connection reset by peer: file /build/firefox-izpums/firefox-68.0+build3/ipc/chromium/src/chrome/common/ipc_channel_posix.cc, line 358
[Parent 5611, Gecko_IOThread] WARNING: pipe error (93): Connection reset by peer: file /build/firefox-izpums/firefox-68.0+build3/ipc/chromium/src/chrome/common/ipc_channel_posix.cc, line 358
1563722617342	Marionette	INFO	Stopped listening on port 33347
1563722626453	mozrunner::runner	INFO	Running command: "/usr/bin/firefox" "-marionette" "-foreground" "-no-remote" "-profile" "/tmp/rust_mozprofile.iT56pWkSzaKv"
1563722626911	addons.webextension.screenshots@mozilla.org	WARN	Loading extension 'screenshots@mozilla.org': Reading manifest: Invalid extension permission: mozillaAddons
1563722626911	addons.webextension.screenshots@mozilla.org	WARN	Loading extension 'screenshots@mozilla.org': Reading manifest: Invalid extension permission: telemetry
1563722626912	addons.webextension.screenshots@mozilla.org	WARN	Loading extension 'screenshots@mozilla.org': Reading manifest: Invalid extension permission: resource://pdf.js/
1563722626912	addons.webextension.screenshots@mozilla.org	WARN	Loading extension 'screenshots@mozilla.org': Reading manifest: Invalid extension permission: about:reader*
1563722629222	Marionette	INFO	Listening on port 42457
1563722629266	Marionette	WARN	TLS certificate errors will be ignored for this session
1563722661247	mozrunner::runner	INFO	Running command: "/usr/bin/firefox" "-marionette" "-foreground" "-no-remote" "-profile" "/tmp/rust_mozprofile.9ad2s8aAeOzj"
1563722661714	addons.webextension.screenshots@mozilla.org	WARN	Loading extension 'screenshots@mozilla.org': Reading manifest: Invalid extension permission: mozillaAddons
1563722661714	addons.webextension.screenshots@mozilla.org	WARN	Loading extension 'screenshots@mozilla.org': Reading manifest: Invalid extension permission: telemetry
1563722661714	addons.webextension.screenshots@mozilla.org	WARN	Loading extension 'screenshots@mozilla.org': Reading manifest: Invalid extension permission: resource://pdf.js/
1563722661714	addons.webextension.screenshots@mozilla.org	WARN	Loading extension 'screenshots@mozilla.org': Reading manifest: Invalid extension permission: about:reader*
1563722663736	Marionette	INFO	Listening on port 40917
1563722663837	Marionette	WARN	TLS certificate errors will be ignored for this session
1563722718070	mozrunner::runner	INFO	Running command: "/usr/bin/firefox" "-marionette" "-foreground" "-no-remote" "-profile" "/tmp/rust_mozprofile.NyOmIvbRclZD"
1563722718572	addons.webextension.screenshots@mozilla.org	WARN	Loading extension 'screenshots@mozilla.org': Reading manifest: Invalid extension permission: mozillaAddons
1563722718573	addons.webextension.screenshots@mozilla.org	WARN	Loading extension 'screenshots@mozilla.org': Reading manifest: Invalid extension permission: telemetry
1563722718574	addons.webextension.screenshots@mozilla.org	WARN	Loading extension 'screenshots@mozilla.org': Reading manifest: Invalid extension permission: resource://pdf.js/
1563722718574	addons.webextension.screenshots@mozilla.org	WARN	Loading extension 'screenshots@mozilla.org': Reading manifest: Invalid extension permission: about:reader*
1563722720449	Marionette	INFO	Listening on port 33837
1563722720566	Marionette	WARN	TLS certificate errors will be ignored for this session
console.error: BroadcastService: 
console.error: BroadcastService: 
  receivedBroadcastMessage: handler for
  remote-settings/monitor_changes
  threw error:
  receivedBroadcastMessage: handler for
  remote-settings/monitor_changes
  threw error:
  Message: Error: Polling for changes failed: http://%(server)s/dummy/blocklist//buckets/monitor/collections/changes/records?_expected=%221563667206065%22 is not a valid URL..
  Stack:
    remoteSettingsFunction/remoteSettings.pollChanges@resource://services-settings/remote-settings.js:201:13

  Message: Error: Polling for changes failed: http://%(server)s/dummy/blocklist//buckets/monitor/collections/changes/records?_expected=%221563667206065%22 is not a valid URL..
  Stack:
    remoteSettingsFunction/remoteSettings.pollChanges@resource://services-settings/remote-settings.js:201:13

console.error: BroadcastService: 
  receivedBroadcastMessage: handler for
  remote-settings/monitor_changes
  threw error:
  Message: Error: Polling for changes failed: http://%(server)s/dummy/blocklist//buckets/monitor/collections/changes/records?_expected=%221563667206065%22 is not a valid URL..
  Stack:
    remoteSettingsFunction/remoteSettings.pollChanges@resource://services-settings/remote-settings.js:201:13

1563722774524	mozrunner::runner	INFO	Running command: "/usr/bin/firefox" "-marionette" "-foreground" "-no-remote" "-profile" "/tmp/rust_mozprofile.2vz2RU9ctNut"
1563722774984	addons.webextension.screenshots@mozilla.org	WARN	Loading extension 'screenshots@mozilla.org': Reading manifest: Invalid extension permission: mozillaAddons
1563722774985	addons.webextension.screenshots@mozilla.org	WARN	Loading extension 'screenshots@mozilla.org': Reading manifest: Invalid extension permission: telemetry
1563722774985	addons.webextension.screenshots@mozilla.org	WARN	Loading extension 'screenshots@mozilla.org': Reading manifest: Invalid extension permission: resource://pdf.js/
1563722774985	addons.webextension.screenshots@mozilla.org	WARN	Loading extension 'screenshots@mozilla.org': Reading manifest: Invalid extension permission: about:reader*
1563722776961	Marionette	INFO	Listening on port 37841
1563722777038	Marionette	WARN	TLS certificate errors will be ignored for this session
1563722831038	mozrunner::runner	INFO	Running command: "/usr/bin/firefox" "-marionette" "-foreground" "-no-remote" "-profile" "/tmp/rust_mozprofile.xcUEH7jZdXJs"
1563722831512	addons.webextension.screenshots@mozilla.org	WARN	Loading extension 'screenshots@mozilla.org': Reading manifest: Invalid extension permission: mozillaAddons
1563722831512	addons.webextension.screenshots@mozilla.org	WARN	Loading extension 'screenshots@mozilla.org': Reading manifest: Invalid extension permission: telemetry
1563722831512	addons.webextension.screenshots@mozilla.org	WARN	Loading extension 'screenshots@mozilla.org': Reading manifest: Invalid extension permission: resource://pdf.js/
1563722831512	addons.webextension.screenshots@mozilla.org	WARN	Loading extension 'screenshots@mozilla.org': Reading manifest: Invalid extension permission: about:reader*
1563722833681	Marionette	INFO	Listening on port 42531
1563722833748	Marionette	WARN	TLS certificate errors will be ignored for this session
1563722840401	Marionette	INFO	Stopped listening on port 42531
[Parent 6721, Gecko_IOThread] WARNING: pipe error (79): Connection reset by peer: file /build/firefox-izpums/firefox-68.0+build3/ipc/chromium/src/chrome/common/ipc_channel_posix.cc, line 358
1563722851332	Marionette	INFO	Stopped listening on port 37841
[Parent 6523, Gecko_IOThread] WARNING: pipe error (79): Connection reset by peer: file /build/firefox-izpums/firefox-68.0+build3/ipc/chromium/src/chrome/common/ipc_channel_posix.cc, line 358
[Parent 6523, Gecko_IOThread] WARNING: pipe error (80): Connection reset by peer: file /build/firefox-izpums/firefox-68.0+build3/ipc/chromium/src/chrome/common/ipc_channel_posix.cc, line 358
1563722851832	Marionette	INFO	Stopped listening on port 33837
1563722853163	Marionette	INFO	Stopped listening on port 42457
[Parent 6337, Gecko_IOThread] WARNING: pipe error (79): Connection reset by peer: file /build/firefox-izpums/firefox-68.0+build3/ipc/chromium/src/chrome/common/ipc_channel_posix.cc, line 358
[Parent 6337, Gecko_IOThread] WARNING: pipe error (80): Connection reset by peer: file /build/firefox-izpums/firefox-68.0+build3/ipc/chromium/src/chrome/common/ipc_channel_posix.cc, line 358
1563722854423	Marionette	INFO	Stopped listening on port 40917
1563732455719	mozrunner::runner	INFO	Running command: "/usr/bin/firefox" "-marionette" "-foreground" "-no-remote" "-profile" "/tmp/rust_mozprofile.ZMUSBakIp18g"
1563732456746	addons.webextension.screenshots@mozilla.org	WARN	Loading extension 'screenshots@mozilla.org': Reading manifest: Invalid extension permission: mozillaAddons
1563732456747	addons.webextension.screenshots@mozilla.org	WARN	Loading extension 'screenshots@mozilla.org': Reading manifest: Invalid extension permission: telemetry
1563732456747	addons.webextension.screenshots@mozilla.org	WARN	Loading extension 'screenshots@mozilla.org': Reading manifest: Invalid extension permission: resource://pdf.js/
1563732456748	addons.webextension.screenshots@mozilla.org	WARN	Loading extension 'screenshots@mozilla.org': Reading manifest: Invalid extension permission: about:reader*
1563732459515	Marionette	INFO	Listening on port 44995
1563732459570	Marionette	WARN	TLS certificate errors will be ignored for this session
1563732507033	mozrunner::runner	INFO	Running command: "/usr/bin/firefox" "-marionette" "-foreground" "-no-remote" "-profile" "/tmp/rust_mozprofile.dzCuMtrgjMGw"
1563732507813	addons.webextension.screenshots@mozilla.org	WARN	Loading extension 'screenshots@mozilla.org': Reading manifest: Invalid extension permission: mozillaAddons
1563732507813	addons.webextension.screenshots@mozilla.org	WARN	Loading extension 'screenshots@mozilla.org': Reading manifest: Invalid extension permission: telemetry
1563732507814	addons.webextension.screenshots@mozilla.org	WARN	Loading extension 'screenshots@mozilla.org': Reading manifest: Invalid extension permission: resource://pdf.js/
1563732507814	addons.webextension.screenshots@mozilla.org	WARN	Loading extension 'screenshots@mozilla.org': Reading manifest: Invalid extension permission: about:reader*
1563732510411	Marionette	INFO	Listening on port 38733
1563732510492	Marionette	WARN	TLS certificate errors will be ignored for this session
1563732519248	mozrunner::runner	INFO	Running command: "/usr/bin/firefox" "-marionette" "-foreground" "-no-remote" "-profile" "/tmp/rust_mozprofile.D1cPqQSZlDYv"
1563732519804	addons.webextension.screenshots@mozilla.org	WARN	Loading extension 'screenshots@mozilla.org': Reading manifest: Invalid extension permission: mozillaAddons
1563732519805	addons.webextension.screenshots@mozilla.org	WARN	Loading extension 'screenshots@mozilla.org': Reading manifest: Invalid extension permission: telemetry
1563732519805	addons.webextension.screenshots@mozilla.org	WARN	Loading extension 'screenshots@mozilla.org': Reading manifest: Invalid extension permission: resource://pdf.js/
1563732519805	addons.webextension.screenshots@mozilla.org	WARN	Loading extension 'screenshots@mozilla.org': Reading manifest: Invalid extension permission: about:reader*
1563732522615	Marionette	INFO	Listening on port 44741
1563732522671	Marionette	WARN	TLS certificate errors will be ignored for this session
[Parent 5565, Gecko_IOThread] WARNING: pipe error (79): Connection reset by peer: file /build/firefox-izpums/firefox-68.0+build3/ipc/chromium/src/chrome/common/ipc_channel_posix.cc, line 358
[Parent 5565, Gecko_IOThread] WARNING: pipe error (85): Connection reset by peer: file /build/firefox-izpums/firefox-68.0+build3/ipc/chromium/src/chrome/common/ipc_channel_posix.cc, line 358
1563732692621	Marionette	INFO	Stopped listening on port 44995
1563732694168	Marionette	INFO	Stopped listening on port 44741

###!!! [Parent][RunMessage] Error: Channel closing: too late to send/recv, messages will be lost

[Parent 5796, Gecko_IOThread] WARNING: pipe error (98): Connection reset by peer: file /build/firefox-izpums/firefox-68.0+build3/ipc/chromium/src/chrome/common/ipc_channel_posix.cc, line 358
[Parent 5796, Gecko_IOThread] WARNING: pipe error (79): Connection reset by peer: file /build/firefox-izpums/firefox-68.0+build3/ipc/chromium/src/chrome/common/ipc_channel_posix.cc, line 358
1563732695448	Marionette	INFO	Stopped listening on port 38733
